<?xml version="1.0" encoding="utf-8"?><testsuites name="pytest tests"><testsuite name="pytest" errors="0" failures="0" skipped="0" tests="14" time="2.468" timestamp="2026-03-25T18:58:48.191067+00:00" hostname="agent-env-37d2cfc2-c8aa-4907-8063-5910792bd319"><testcase classname="tests.test_catalunya_api.TestCatalunyaCoursesAPI" name="test_get_active_courses_returns_20" time="0.280" /><testcase classname="tests.test_catalunya_api.TestCatalunyaCoursesAPI" name="test_get_all_courses_with_inactive_returns_21" time="0.121" /><testcase classname="tests.test_catalunya_api.TestCatalunyaCoursesAPI" name="test_courses_have_required_fields" time="0.127" /><testcase classname="tests.test_catalunya_api.TestCatalunyaCoursesAPI" name="test_courses_have_proper_full_address" time="0.104" /><testcase classname="tests.test_catalunya_api.TestCatalunyaCoursesAPI" name="test_get_single_course_by_id" time="0.113" /><testcase classname="tests.test_catalunya_api.TestCatalunyaCoursesAPI" name="test_get_nonexistent_course_returns_404" time="0.115" /><testcase classname="tests.test_catalunya_api.TestCatalunyaAdminAPI" name="test_patch_course_updates_price" time="0.412" /><testcase classname="tests.test_catalunya_api.TestCatalunyaAdminAPI" name="test_patch_course_toggle_active" time="0.408" /><testcase classname="tests.test_catalunya_api.TestCatalunyaAdminAPI" name="test_patch_nonexistent_course_returns_404" time="0.152" /><testcase classname="tests.test_catalunya_api.TestCatalunyaAdminAPI" name="test_patch_with_invalid_fields_returns_400" time="0.112" /><testcase classname="tests.test_catalunya_api.TestCatalunyaCourseDataQuality" name="test_all_courses_have_valid_booking_urls" time="0.127" /><testcase classname="tests.test_catalunya_api.TestCatalunyaCourseDataQuality" name="test_all_courses_have_valid_images" time="0.128" /><testcase classname="tests.test_catalunya_api.TestCatalunyaCourseDataQuality" name="test_courses_sorted_by_display_order" time="0.108" /><testcase classname="tests.test_catalunya_api.TestCatalunyaCourseDataQuality" name="test_camiral_stadium_is_first" time="0.101" /></testsuite></testsuites>