<?xml version="1.0" encoding="utf-8"?><testsuites name="pytest tests"><testsuite name="pytest" errors="0" failures="0" skipped="0" tests="12" time="4.711" timestamp="2026-03-25T19:51:19.436360+00:00" hostname="agent-env-37d2cfc2-c8aa-4907-8063-5910792bd319"><testcase classname="backend.tests.test_golfgate_catalunya_v26.TestCatalunyaCourses" name="test_get_all_courses_returns_20" time="2.272" /><testcase classname="backend.tests.test_golfgate_catalunya_v26.TestCatalunyaCourses" name="test_no_duplicate_peralada" time="0.116" /><testcase classname="backend.tests.test_golfgate_catalunya_v26.TestCatalunyaCourses" name="test_course_has_required_fields" time="0.124" /><testcase classname="backend.tests.test_golfgate_catalunya_v26.TestCatalunyaCourses" name="test_get_single_course" time="0.132" /><testcase classname="backend.tests.test_golfgate_catalunya_v26.TestCatalunyaCourses" name="test_course_full_address_for_maps" time="0.152" /><testcase classname="backend.tests.test_golfgate_catalunya_v26.TestAdminCourseEndpoints" name="test_patch_course_updates_fields" time="0.368" /><testcase classname="backend.tests.test_golfgate_catalunya_v26.TestBlogPostsCRUD" name="test_get_blog_posts" time="0.151" /><testcase classname="backend.tests.test_golfgate_catalunya_v26.TestBlogPostsCRUD" name="test_create_blog_post" time="0.283" /><testcase classname="backend.tests.test_golfgate_catalunya_v26.TestBlogPostsCRUD" name="test_update_blog_post" time="0.382" /><testcase classname="backend.tests.test_golfgate_catalunya_v26.TestBlogPostsCRUD" name="test_delete_blog_post" time="0.413" /><testcase classname="backend.tests.test_golfgate_catalunya_v26.TestHealthAndBasicEndpoints" name="test_api_root" time="0.125" /><testcase classname="backend.tests.test_golfgate_catalunya_v26.TestHealthAndBasicEndpoints" name="test_courses_endpoint_performance" time="0.130" /></testsuite></testsuites>